<?xml version="1.0" encoding="UTF-8"?>
<testsuite xmlns:xsi="http://www.w3.org/2001/XMLSchema-instance" xsi:noNamespaceSchemaLocation="https://maven.apache.org/surefire/maven-surefire-plugin/xsd/surefire-test-report.xsd" name="io.mosip.signup.services.RegistrationServiceTest" time="0.104" tests="17" errors="0" skipped="0" failures="0">
  <properties>
[...]
</properties>
  <testcase name="doGenerateChallenge_withoutTransactionId_thenPass" classname="io.mosip.signup.services.RegistrationServiceTest" time="0.068"/>
  <testcase name="doGetRegistrationStatus_withPendingTransaction_thenPass" classname="io.mosip.signup.services.RegistrationServiceTest" time="0.003"/>
  <testcase name="doGetRegistrationStatus_withCompletedTransaction_thenPass" classname="io.mosip.signup.services.RegistrationServiceTest" time="0.002"/>
  <testcase name="doGenerateChallenge_withInvalidTransactionId_thenFail" classname="io.mosip.signup.services.RegistrationServiceTest" time="0.003"/>
  <testcase name="doVerifyChallenge_withChallengeNotMatch_thenFail" classname="io.mosip.signup.services.RegistrationServiceTest" time="0.003"/>
  <testcase name="doGenerateChallenge_withInvalidCaptcha_thenFail" classname="io.mosip.signup.services.RegistrationServiceTest" time="0.002"/>
  <testcase name="doGetRegistrationStatus_withFailedTransaction_thenPass" classname="io.mosip.signup.services.RegistrationServiceTest" time="0.002"/>
  <testcase name="doGetRegistrationStatus_withNullTransactionId_thenFail" classname="io.mosip.signup.services.RegistrationServiceTest" time="0.002"/>
  <testcase name="doVerifyChallenge_withIdentifierNotMatch_throwsException" classname="io.mosip.signup.services.RegistrationServiceTest" time="0.001"/>
  <testcase name="doGenerateChallenge_withToEarlyAttemptTransactionId_thenFail" classname="io.mosip.signup.services.RegistrationServiceTest" time="0.002"/>
  <testcase name="doVerifyChallenge_withNullTransaction_thenFail" classname="io.mosip.signup.services.RegistrationServiceTest" time="0.002"/>
  <testcase name="doGenerateChallenge_withIdentifierNotMatchTransactionId_thenFail" classname="io.mosip.signup.services.RegistrationServiceTest" time="0.002"/>
  <testcase name="doGetRegistrationStatus_withInvalidTransaction_thenFail" classname="io.mosip.signup.services.RegistrationServiceTest" time="0.001"/>
  <testcase name="doVerifyChallenge_thenPass" classname="io.mosip.signup.services.RegistrationServiceTest" time="0.002"/>
  <testcase name="doGetRegistrationStatus_withEmptyTransactionId_thenFail" classname="io.mosip.signup.services.RegistrationServiceTest" time="0.001"/>
  <testcase name="doGenerateChallenge_withTransactionId_thenPass" classname="io.mosip.signup.services.RegistrationServiceTest" time="0.003"/>
  <testcase name="doGenerateChallenge_withTooManyAttemptTransactionId_thenFail" classname="io.mosip.signup.services.RegistrationServiceTest" time="0.003"/>
</testsuite>